<?xml version="1.0" encoding="UTF-8"?>
<!-- Generated by org.testng.reporters.JUnitReportReporter -->
<testsuite hostname="LAPTOP-LUAOCDJJ" failures="0" tests="12" name="CryptoManager.TestFile" time="143.482" errors="0" timestamp="2024-12-14T19:35:08 EST" skipped="0">
  <testcase classname="CryptoManager.TestFile" name="searchCrypto" time="15.119"/>
  <testcase classname="CryptoManager.TestFile" name="searchCrypto" time="16.773"/>
  <testcase classname="CryptoManager.TestFile" name="searchCrypto" time="18.872"/>
  <testcase classname="CryptoManager.TestFile" name="searchCrypto" time="36.395"/>
  <testcase classname="CryptoManager.TestFile" name="searchCrypto" time="15.217"/>
  <testcase classname="CryptoManager.TestFile" name="searchCrypto" time="33.381"/>
  <testcase classname="CryptoManager.TestFile" name="getData" time="1.251"/>
  <testcase classname="CryptoManager.TestFile" name="getData" time="1.128"/>
  <testcase classname="CryptoManager.TestFile" name="getData" time="1.271"/>
  <testcase classname="CryptoManager.TestFile" name="getData" time="1.388"/>
  <testcase classname="CryptoManager.TestFile" name="getData" time="1.267"/>
  <testcase classname="CryptoManager.TestFile" name="getData" time="1.420"/>
</testsuite> <!-- CryptoManager.TestFile -->
